<?xml version="1.0" encoding="UTF-8"?>
<!-- Generated by org.testng.reporters.JUnitReportReporter -->
<testsuite hostname="sonali_cicd" failures="0" tests="3" name="in.ecgc.erp.hrd_emp_be.TestNGController" time="0.442" errors="0" timestamp="30 May 2020 14:36:13 GMT">
  <testcase classname="in.ecgc.erp.hrd_emp_be.TestNGController" name="deleteEmployee" time="0.032"/>
  <testcase classname="in.ecgc.erp.hrd_emp_be.TestNGController" name="viewAllEmployees" time="0.035"/>
  <testcase classname="in.ecgc.erp.hrd_emp_be.TestNGController" name="addEmployee" time="0.375"/>
</testsuite> <!-- in.ecgc.erp.hrd_emp_be.TestNGController -->
