<?xml version="1.0" encoding="UTF-8"?>
<!-- Generated by org.testng.reporters.JUnitReportReporter -->
<testsuite hostname="cdac-ecgc" failures="0" tests="3" name="in.ecgc.erp.hrd_emp_be.TestNGController" time="0.269" errors="0" timestamp="27 Apr 2020 16:27:56 GMT">
  <testcase classname="in.ecgc.erp.hrd_emp_be.TestNGController" name="viewAllEmployees" time="0.015"/>
  <testcase classname="in.ecgc.erp.hrd_emp_be.TestNGController" name="addEmployee" time="0.232"/>
  <testcase classname="in.ecgc.erp.hrd_emp_be.TestNGController" name="deleteEmployee" time="0.022"/>
</testsuite> <!-- in.ecgc.erp.hrd_emp_be.TestNGController -->
